# JRE version: OpenJDK Runtime Environment (11.0.5+10) (build 11.0.5+10-post-Ubuntu-0ubuntu1.119.04)
# Java VM: OpenJDK 64-Bit Server VM (11.0.5+10-post-Ubuntu-0ubuntu1.119.04, mixed mode, sharing, tiered, compressed oops, g1 gc, linux-amd64)
Heap:
 garbage-first heap   total 730112K, used 46289K [0x0000000086c00000, 0x0000000100000000)
  region size 1024K, 1 young (1024K), 1 survivors (1024K)
 Metaspace       used 63279K, capacity 65551K, committed 65744K, reserved 1105920K
  class space    used 8701K, capacity 9548K, committed 9600K, reserved 1048576K
GC Heap History (20 events):
Event: 211,103 GC heap after
{Heap after GC invocations=736 (full 0):
 garbage-first heap   total 421888K, used 46283K [0x0000000086c00000, 0x0000000100000000)
  region size 1024K, 1 young (1024K), 1 survivors (1024K)
 Metaspace       used 63279K, capacity 65551K, committed 65744K, reserved 1105920K
  class space    used 8701K, capacity 9548K, committed 9600K, reserved 1048576K
}
Event: 211,344 GC heap before
{Heap before GC invocations=736 (full 0):
 garbage-first heap   total 421888K, used 298187K [0x0000000086c00000, 0x0000000100000000)
  region size 1024K, 247 young (252928K), 1 survivors (1024K)
 Metaspace       used 63279K, capacity 65551K, committed 65744K, reserved 1105920K
  class space    used 8701K, capacity 9548K, committed 9600K, reserved 1048576K
}
Event: 211,356 GC heap after
{Heap after GC invocations=737 (full 0):
 garbage-first heap   total 421888K, used 46285K [0x0000000086c00000, 0x0000000100000000)
  region size 1024K, 1 young (1024K), 1 survivors (1024K)
 Metaspace       used 63279K, capacity 65551K, committed 65744K, reserved 1105920K
  class space    used 8701K, capacity 9548K, committed 9600K, reserved 1048576K
}
Event: 211,616 GC heap before
{Heap before GC invocations=737 (full 0):
 garbage-first heap   total 421888K, used 298189K [0x0000000086c00000, 0x0000000100000000)
  region size 1024K, 247 young (252928K), 1 survivors (1024K)
 Metaspace       used 63279K, capacity 65551K, committed 65744K, reserved 1105920K
  class space    used 8701K, capacity 9548K, committed 9600K, reserved 1048576K
}
Event: 211,621 GC heap after
{Heap after GC invocations=738 (full 0):
 garbage-first heap   total 421888K, used 46263K [0x0000000086c00000, 0x0000000100000000)
  region size 1024K, 1 young (1024K), 1 survivors (1024K)
 Metaspace       used 63279K, capacity 65551K, committed 65744K, reserved 1105920K
  class space    used 8701K, capacity 9548K, committed 9600K, reserved 1048576K
}
Event: 211,849 GC heap before
{Heap before GC invocations=738 (full 0):
 garbage-first heap   total 421888K, used 298167K [0x0000000086c00000, 0x0000000100000000)
  region size 1024K, 247 young (252928K), 1 survivors (1024K)
 Metaspace       used 63279K, capacity 65551K, committed 65744K, reserved 1105920K
  class space    used 8701K, capacity 9548K, committed 9600K, reserved 1048576K
}
Event: 211,853 GC heap after
{Heap after GC invocations=739 (full 0):
 garbage-first heap   total 421888K, used 46265K [0x0000000086c00000, 0x0000000100000000)
  region size 1024K, 1 young (1024K), 1 survivors (1024K)
 Metaspace       used 63279K, capacity 65551K, committed 65744K, reserved 1105920K
  class space    used 8701K, capacity 9548K, committed 9600K, reserved 1048576K
}
Event: 212,074 GC heap before
{Heap before GC invocations=739 (full 0):
 garbage-first heap   total 421888K, used 298169K [0x0000000086c00000, 0x0000000100000000)
  region size 1024K, 247 young (252928K), 1 survivors (1024K)
 Metaspace       used 63279K, capacity 65551K, committed 65744K, reserved 1105920K
  class space    used 8701K, capacity 9548K, committed 9600K, reserved 1048576K
}
Event: 212,076 GC heap after
{Heap after GC invocations=740 (full 0):
 garbage-first heap   total 421888K, used 46261K [0x0000000086c00000, 0x0000000100000000)
  region size 1024K, 1 young (1024K), 1 survivors (1024K)
 Metaspace       used 63279K, capacity 65551K, committed 65744K, reserved 1105920K
  class space    used 8701K, capacity 9548K, committed 9600K, reserved 1048576K
}
Event: 212,297 GC heap before
{Heap before GC invocations=740 (full 0):
 garbage-first heap   total 421888K, used 298165K [0x0000000086c00000, 0x0000000100000000)
  region size 1024K, 247 young (252928K), 1 survivors (1024K)
 Metaspace       used 63279K, capacity 65551K, committed 65744K, reserved 1105920K
  class space    used 8701K, capacity 9548K, committed 9600K, reserved 1048576K
}
Event: 212,300 GC heap after
{Heap after GC invocations=741 (full 0):
 garbage-first heap   total 421888K, used 46287K [0x0000000086c00000, 0x0000000100000000)
  region size 1024K, 1 young (1024K), 1 survivors (1024K)
 Metaspace       used 63279K, capacity 65551K, committed 65744K, reserved 1105920K
  class space    used 8701K, capacity 9548K, committed 9600K, reserved 1048576K
}
Event: 212,523 GC heap before
{Heap before GC invocations=741 (full 0):
 garbage-first heap   total 421888K, used 297167K [0x0000000086c00000, 0x0000000100000000)
  region size 1024K, 247 young (252928K), 1 survivors (1024K)
 Metaspace       used 63279K, capacity 65551K, committed 65744K, reserved 1105920K
  class space    used 8701K, capacity 9548K, committed 9600K, reserved 1048576K
}
Event: 212,531 GC heap after
{Heap after GC invocations=742 (full 0):
 garbage-first heap   total 421888K, used 46261K [0x0000000086c00000, 0x0000000100000000)
  region size 1024K, 1 young (1024K), 1 survivors (1024K)
 Metaspace       used 63279K, capacity 65551K, committed 65744K, reserved 1105920K
  class space    used 8701K, capacity 9548K, committed 9600K, reserved 1048576K
}
Event: 212,786 GC heap before
{Heap before GC invocations=742 (full 0):
 garbage-first heap   total 421888K, used 298165K [0x0000000086c00000, 0x0000000100000000)
  region size 1024K, 247 young (252928K), 1 survivors (1024K)
 Metaspace       used 63279K, capacity 65551K, committed 65744K, reserved 1105920K
  class space    used 8701K, capacity 9548K, committed 9600K, reserved 1048576K
}
Event: 212,835 GC heap after
{Heap after GC invocations=743 (full 0):
 garbage-first heap   total 421888K, used 46267K [0x0000000086c00000, 0x0000000100000000)
  region size 1024K, 1 young (1024K), 1 survivors (1024K)
 Metaspace       used 63279K, capacity 65551K, committed 65744K, reserved 1105920K
  class space    used 8701K, capacity 9548K, committed 9600K, reserved 1048576K
}
Event: 213,198 GC heap before
{Heap before GC invocations=743 (full 0):
 garbage-first heap   total 421888K, used 298171K [0x0000000086c00000, 0x0000000100000000)
  region size 1024K, 247 young (252928K), 1 survivors (1024K)
 Metaspace       used 63279K, capacity 65551K, committed 65744K, reserved 1105920K
  class space    used 8701K, capacity 9548K, committed 9600K, reserved 1048576K
}
Event: 213,286 GC heap after
{Heap after GC invocations=744 (full 0):
 garbage-first heap   total 421888K, used 46265K [0x0000000086c00000, 0x0000000100000000)
  region size 1024K, 1 young (1024K), 1 survivors (1024K)
 Metaspace       used 63279K, capacity 65551K, committed 65744K, reserved 1105920K
  class space    used 8701K, capacity 9548K, committed 9600K, reserved 1048576K
}
Event: 213,482 GC heap before
{Heap before GC invocations=744 (full 0):
 garbage-first heap   total 421888K, used 298169K [0x0000000086c00000, 0x0000000100000000)
  region size 1024K, 247 young (252928K), 1 survivors (1024K)
 Metaspace       used 63279K, capacity 65551K, committed 65744K, reserved 1105920K
  class space    used 8701K, capacity 9548K, committed 9600K, reserved 1048576K
}
Event: 213,505 GC heap after
{Heap after GC invocations=745 (full 0):
 garbage-first heap   total 421888K, used 46289K [0x0000000086c00000, 0x0000000100000000)
  region size 1024K, 1 young (1024K), 1 survivors (1024K)
 Metaspace       used 63279K, capacity 65551K, committed 65744K, reserved 1105920K
  class space    used 8701K, capacity 9548K, committed 9600K, reserved 1048576K
}
Event: 213,688 GC heap before
{Heap before GC invocations=745 (full 0):
 garbage-first heap   total 421888K, used 298193K [0x0000000086c00000, 0x0000000100000000)
  region size 1024K, 247 young (252928K), 1 survivors (1024K)
 Metaspace       used 63279K, capacity 65551K, committed 65744K, reserved 1105920K
  class space    used 8701K, capacity 9548K, committed 9600K, reserved 1048576K
}

